Padstack Library Drill Report
C:/Users/patri/OneDrive/桌面/1116PCB/quadcopter OrCad2/PCB1.brd
Tue Nov 16 21:20:44 2021

,Padstack,Type,Size X,Size Y,ToolSize,+ Tolerance,- Tolerance,Symbol Figure,Symbol Characters,Symbol Size X,Symbol Size Y,Plating,Non-standard Drill
1,100R110,Circle Drill,2.7940,,,0.0000,0.0000,Circle,A,2.7940,2.7940,Plated,
2,55R36,Circle Drill,0.9652,,,0.0000,0.0000,Circle,A,0.9652,0.9652,Plated,
3,55S36,Circle Drill,0.9652,,,0.0000,0.0000,Circle,A,0.9652,0.9652,Plated,
4,60S85C35D,Circle Drill,0.8890,,,0.0000,0.0000,Circle,,1.2700,1.2700,Plated,
5,75R47,Circle Drill,1.1938,,,0.0000,0.0000,Circle,A,1.1938,1.1938,Plated,
6,BCON100T_LIB_PAD1,Circle Drill,0.9652,,,0.0000,0.0000,Circle,A,0.9652,0.9652,Plated,
7,BCON100T_LIB_PAD2,Circle Drill,0.9652,,,0.0000,0.0000,Circle,A,0.9652,0.9652,Plated,
8,BCON100T_LLB_PAD1,Circle Drill,0.9398,,,0.0000,0.0000,Circle,A,0.9398,0.9398,Plated,
9,BCON100T_LLB_PAD2,Circle Drill,0.9398,,,0.0000,0.0000,Circle,A,0.9398,0.9398,Plated,
10,BCON100T_LLB_PAD3,Circle Drill,1.0668,,,0.0000,0.0000,Circle,A,1.0668,1.0668,Plated,
11,BCON100T_LLB_PAD4,Circle Drill,1.0668,,,0.0000,0.0000,Circle,A,1.0668,1.0668,Plated,
12,BCON156T_LIB_PAD1,Circle Drill,1.7780,,,0.0000,0.0000,Circle,A,1.7780,1.7780,Plated,
13,BCON156T_LIB_PAD2,Circle Drill,1.7780,,,0.0000,0.0000,Circle,A,1.7780,1.7780,Plated,
14,BCON156T_LLB_PAD1,Circle Drill,1.7780,,,0.0000,0.0000,Circle,A,1.7780,1.7780,Plated,
15,BCON156T_LLB_PAD2,Circle Drill,1.7780,,,0.0000,0.0000,Circle,A,1.7780,1.7780,Plated,
16,CLCC_LLB_PAD15,Circle Drill,0.8636,,,0.0000,0.0000,Circle,A,0.8636,0.8636,Plated,
17,CLCC_LLB_PAD16_1,Circle Drill,0.8636,,,0.0000,0.0000,Circle,A,0.8636,0.8636,Plated,
18,CLCC_LLB_PAD17_1,Circle Drill,0.8636,,,0.0000,0.0000,Circle,A,0.8636,0.8636,Plated,
19,CLCC_LLB_PAD18_1,Circle Drill,0.8636,,,0.0000,0.0000,Circle,A,0.8636,0.8636,Plated,
20,CLCC_LLB_PAD19,Circle Drill,0.8636,,,0.0000,0.0000,Circle,A,0.8636,0.8636,Plated,
21,C_R2_D1,Circle Drill,1.0000,,,0.0000,0.0000,Circle,,1.0000,1.0000,Plated,
22,DCON050T_LLB_HOLE1,Circle Drill,2.7686,,,0.0000,0.0000,Circle,A,2.7686,2.7686,Plated,
23,DCON050T_LLB_PAD1,Circle Drill,0.8636,,,0.0000,0.0000,Circle,A,0.8636,0.8636,Plated,
24,DCON050T_LLB_PAD2,Circle Drill,0.8636,,,0.0000,0.0000,Circle,A,0.8636,0.8636,Plated,
25,DCON085T_LLB_HOLE1,Circle Drill,3.0734,,,0.0000,0.0000,Circle,A,3.0734,3.0734,Plated,
26,DCON085T_LLB_PAD1,Circle Drill,1.0668,,,0.0000,0.0000,Circle,A,1.0668,1.0668,Plated,
27,DCON085T_LLB_PAD2,Circle Drill,1.0668,,,0.0000,0.0000,Circle,A,1.0668,1.0668,Plated,
28,DCON085T_LLB_PAD3,Circle Drill,1.0668,,,0.0000,0.0000,Circle,A,1.0668,1.0668,Plated,
29,DCON085T_LLB_PAD4,Circle Drill,1.0668,,,0.0000,0.0000,Circle,A,1.0668,1.0668,Plated,
30,DCON085T_LLB_PAD5,Circle Drill,0.8636,,,0.0000,0.0000,Circle,A,0.8636,0.8636,Plated,
31,DCON085T_LLB_PAD6,Circle Drill,0.8636,,,0.0000,0.0000,Circle,A,0.8636,0.8636,Plated,
32,DCON085T_LLB_PAD7_1,Circle Drill,0.8636,,,0.0000,0.0000,Circle,A,0.8636,0.8636,Plated,
33,DCON085T_LLB_PAD8_1,Circle Drill,0.8636,,,0.0000,0.0000,Circle,A,0.8636,0.8636,Plated,
34,DIMM050F_LLB_HOLE1,Circle Drill,3.1750,,,0.0000,0.0000,Circle,A,3.1750,3.1750,Plated,
35,DIMM050F_LLB_HOLE2,Circle Drill,2.9972,,,0.0000,0.0000,Circle,A,2.9972,2.9972,Plated,
36,DIMM050T_LLB_HOLE1,Circle Drill,2.3876,,,0.0000,0.0000,Circle,A,2.3876,2.3876,Plated,
37,DIMM050T_LLB_HOLE2,Circle Drill,1.6002,,,0.0000,0.0000,Circle,A,1.6002,1.6002,Plated,
38,DIMM050T_LLB_PAD1,Circle Drill,0.8128,,,0.0000,0.0000,Circle,A,0.8128,0.8128,Plated,
39,DIMM050T_LLB_PAD2,Circle Drill,0.8128,,,0.0000,0.0000,Circle,A,0.8128,0.8128,Plated,
40,DIN_LIB_PAD10,Circle Drill,1.5240,,,0.0000,0.0000,Circle,A,1.5240,1.5240,Plated,
41,DIN_LLB_HOLE1,Circle Drill,2.9464,,,0.0000,0.0000,Circle,A,2.9464,2.9464,Plated,
42,DIN_LLB_PAD1,Circle Drill,0.7874,,,0.0000,0.0000,Circle,A,0.7874,0.7874,Plated,
43,DIN_LLB_PAD10,Circle Drill,1.5240,,,0.0000,0.0000,Circle,A,1.5240,1.5240,Plated,
44,DIN_LLB_PAD11,Circle Drill,2.3114,,,0.0000,0.0000,Circle,A,2.3114,2.3114,Plated,
45,DIN_LLB_PAD2,Circle Drill,0.8636,,,0.0000,0.0000,Circle,A,0.8636,0.8636,Plated,
46,DIN_LLB_PAD3,Circle Drill,0.8636,,,0.0000,0.0000,Circle,A,0.8636,0.8636,Plated,
47,DIN_LLB_PAD4,Circle Drill,0.7874,,,0.0000,0.0000,Circle,A,0.7874,0.7874,Plated,
48,DIN_LLB_PAD5_1,Circle Drill,1.1684,,,0.0000,0.0000,Circle,A,1.1684,1.1684,Plated,
49,DIN_LLB_PAD6_1,Circle Drill,1.1684,,,0.0000,0.0000,Circle,A,1.1684,1.1684,Plated,
50,DIP100T_LLB_PAD1,Circle Drill,0.8636,,,0.0000,0.0000,Circle,A,0.8636,0.8636,Plated,
51,DIP100T_LLB_PAD2,Circle Drill,0.8636,,,0.0000,0.0000,Circle,A,0.8636,0.8636,Plated,
52,DIP100T_LLB_PAD3,Circle Drill,0.8636,,,0.0000,0.0000,Circle,A,0.8636,0.8636,Plated,
53,DIP100T_LLB_PAD3_1,Circle Drill,0.8636,,,0.0000,0.0000,Circle,A,0.8636,0.8636,Plated,
54,DIP100T_LLB_PAD4,Circle Drill,0.8636,,,0.0000,0.0000,Circle,A,0.8636,0.8636,Plated,
55,DIP100T_LLB_PAD4_1,Circle Drill,0.8636,,,0.0000,0.0000,Circle,A,0.8636,0.8636,Plated,
56,DIP100T_LLB_PAD5,Circle Drill,0.8636,,,0.0000,0.0000,Circle,A,0.8636,0.8636,Plated,
57,DIP100T_LLB_PAD5_1,Circle Drill,0.8636,,,0.0000,0.0000,Circle,A,0.8636,0.8636,Plated,
58,DSUBT_HD_LLB_HOLE1,Circle Drill,3.0480,,,0.0000,0.0000,Circle,A,3.0480,3.0480,Plated,
59,DSUBT_HD_LLB_PAD1_1,Circle Drill,1.0668,,,0.0000,0.0000,Circle,A,1.0668,1.0668,Plated,
60,DSUBT_HD_LLB_PAD2_1,Circle Drill,1.0668,,,0.0000,0.0000,Circle,A,1.0668,1.0668,Plated,
61,DSUBT_HD_LLB_PAD3,Circle Drill,1.0668,,,0.0000,0.0000,Circle,A,1.0668,1.0668,Plated,
62,DSUBT_HD_LLB_PAD4,Circle Drill,1.0668,,,0.0000,0.0000,Circle,A,1.0668,1.0668,Plated,
63,DSUBT_LIB_HOLE1,Circle Drill,3.0480,,,0.0000,0.0000,Circle,A,3.0480,3.0480,Plated,
64,DSUBT_LIB_PAD3,Circle Drill,1.0668,,,0.0000,0.0000,Circle,A,1.0668,1.0668,Plated,
65,DSUBT_LIB_PAD4,Circle Drill,1.0668,,,0.0000,0.0000,Circle,A,1.0668,1.0668,Plated,
66,DSUBT_LLB_HOLE1,Circle Drill,3.0480,,,0.0000,0.0000,Circle,A,3.0480,3.0480,Plated,
67,DSUBT_LLB_PAD1,Circle Drill,1.0668,,,0.0000,0.0000,Circle,A,1.0668,1.0668,Plated,
68,DSUBT_LLB_PAD1_1,Circle Drill,1.0668,,,0.0000,0.0000,Circle,A,1.0668,1.0668,Plated,
69,DSUBT_LLB_PAD2,Circle Drill,1.0668,,,0.0000,0.0000,Circle,A,1.0668,1.0668,Plated,
70,DSUBT_LLB_PAD2_1,Circle Drill,1.0668,,,0.0000,0.0000,Circle,A,1.0668,1.0668,Plated,
71,DSUBT_LLB_PAD3,Circle Drill,1.0668,,,0.0000,0.0000,Circle,A,1.0668,1.0668,Plated,
72,DSUBT_LLB_PAD4,Circle Drill,1.0668,,,0.0000,0.0000,Circle,A,1.0668,1.0668,Plated,
73,ECON100T_LLB_PAD1,Circle Drill,1.0160,,,0.0000,0.0000,Circle,A,1.0160,1.0160,Plated,
74,ECON100T_LLB_PAD2,Circle Drill,1.0160,,,0.0000,0.0000,Circle,A,1.0160,1.0160,Plated,
75,EUROA,Circle Drill,0.9398,,,0.0000,0.0000,Square,,0.2540,0.2540,Plated,
76,EUROE,Circle Drill,3.1750,,,0.0000,0.0000,Hexagon X,,3.1750,3.1750,Plated,
77,EX152Y152D152P,Circle Drill,3.8608,,,0.0000,0.0000,,L,1.0160,1.0160,Non-Plated,
78,EX154Y154D154P,Circle Drill,3.9116,,,0.0000,0.0000,,N,1.0160,1.0160,Non-Plated,
79,EX75Y75D55P,Circle Drill,1.3970,,,0.0000,0.0000,Triangle,2,1.0160,1.0160,Plated,
80,EX78Y78D58P,Circle Drill,1.4732,,,0.0000,0.0000,Triangle,5,1.0160,1.0160,Plated,
81,FBUS_LLB_HOLE1,Circle Drill,1.5240,,,0.0000,0.0000,Circle,A,1.5240,1.5240,Plated,
82,FBUS_LLB_HOLE2,Circle Drill,2.0574,,,0.0000,0.0000,Circle,A,2.0574,2.0574,Plated,
83,FBUS_LLB_PAD1,Circle Drill,0.7112,,,0.0000,0.0000,Circle,A,0.7112,0.7112,Plated,
84,FBUS_LLB_PAD2,Circle Drill,0.7112,,,0.0000,0.0000,Circle,A,0.7112,0.7112,Plated,
85,HOLE106P,Circle Drill,2.6670,,,0.0000,0.0000,Circle,,0.2540,0.2540,Plated,
86,HOLE109P,Circle Drill,2.7432,,,0.0000,0.0000,Circle,,0.2540,0.2540,Plated,
87,HOLE109U,Circle Drill,2.7686,,,0.0000,0.0000,,Y,1.9050,1.9050,Non-Plated,
88,HOLE120,Circle Drill,3.0480,,,0.0000,0.0000,Circle,,3.1242,3.1242,Plated,
89,HOLE130P,Circle Drill,3.3020,,,0.0000,0.0000,Oblong Y,,1.9050,2.2860,Plated,
90,HOLE135,Circle Drill,3.4290,,,0.0000,0.0000,Cross,,3.4290,3.4290,Non-Plated,
91,HOLE145,Circle Drill,3.6830,,,0.0000,0.0000,Cross,,3.6830,3.6830,Non-Plated,
92,HOLE150,Circle Drill,3.8100,,,0.0000,0.0000,Circle,,3.8862,3.8862,Plated,
93,HOLE160,Circle Drill,4.0640,,,0.0000,0.0000,Cross,,4.0640,4.0640,Non-Plated,
94,HOLE165,Circle Drill,4.1910,,,0.0000,0.0000,Cross,,4.1910,4.1910,Non-Plated,
95,HOLE170,Circle Drill,4.3180,,,0.0000,0.0000,Cross,,4.3180,4.3180,Plated,
96,HOLE180,Circle Drill,4.5720,,,0.0000,0.0000,Cross,,4.5720,4.5720,Non-Plated,
97,HOLE190,Circle Drill,4.8260,,,0.0000,0.0000,Cross,,4.8260,4.8260,Non-Plated,
98,HOLE210,Circle Drill,5.3340,,,0.0000,0.0000,Cross,,5.3340,5.3340,Non-Plated,
99,HOLE230,Circle Drill,5.8420,,,0.0000,0.0000,Cross,,5.8420,5.8420,Non-Plated,
100,HOLE265,Circle Drill,6.7564,,,0.0000,0.0000,Cross,,6.7564,6.7564,Non-Plated,
101,HOLE280,Circle Drill,7.1120,,,0.0000,0.0000,Cross,,7.1120,7.1120,Non-Plated,
102,HOLE285,Circle Drill,7.2390,,,0.0000,0.0000,Cross,,7.2390,7.2390,Non-Plated,
103,HOLE540,Circle Drill,13.7160,,,0.0000,0.0000,Cross,,13.7160,13.7160,Non-Plated,
104,HOLE800,Circle Drill,20.3200,,,0.0000,0.0000,Cross,,20.3200,20.3200,Plated,
105,H_C45,Circle Drill,0.3800,,,0.0000,0.0000,Cross,,1.0000,1.0000,Non-Plated,
106,H_C65,Circle Drill,0.6500,,,0.0000,0.0000,Cross,,1.0000,1.0000,Non-Plated,
107,ISA_LLB_PAD1,Circle Drill,1.0160,,,0.0000,0.0000,Circle,A,1.0160,1.0160,Plated,
108,ISA_LLB_PAD2,Circle Drill,1.0160,,,0.0000,0.0000,Circle,A,1.0160,1.0160,Plated,
109,J1,Circle Drill,0.9652,,,0.0000,0.0000,Circle,A,0.9652,0.9652,Plated,
110,LCON100T_LLB_HOLE1,Circle Drill,2.9464,,,0.0000,0.0000,Circle,A,2.9464,2.9464,Plated,
111,LCON100T_LLB_PAD1,Circle Drill,1.0668,,,0.0000,0.0000,Circle,A,1.0668,1.0668,Plated,
112,LCON100T_LLB_PAD2,Circle Drill,1.0668,,,0.0000,0.0000,Circle,A,1.0668,1.0668,Plated,
113,LCON100T_LLB_PAD3,Circle Drill,0.9398,,,0.0000,0.0000,Circle,A,0.9398,0.9398,Plated,
114,LCON100T_LLB_PAD4,Circle Drill,0.9398,,,0.0000,0.0000,Circle,A,0.9398,0.9398,Plated,
115,MACHINE,Circle Drill,2.2000,,,0.0000,0.0000,Circle,+,2.2000,2.2000,Plated,
116,PAD100CIR62D,Circle Drill,1.5748,,,0.0000,0.0000,Oblong X,,1.5748,1.2700,Plated,
117,PAD100CIR79D,Circle Drill,2.0066,,,0.0000,0.0000,,C,1.5240,1.5240,Plated,
118,PAD100CIR84D,Circle Drill,2.1336,,,0.0000,0.0000,Cross,,2.1336,2.1336,Plated,
119,PAD100SQ62D,Circle Drill,1.5494,,,0.0000,0.0000,Oblong X,,2.5400,1.2700,Plated,
120,PAD120CIR62D,Circle Drill,1.5494,,,0.0000,0.0000,Oblong X,,2.5400,1.2700,Plated,
121,PAD125,Circle Drill,3.1750,,,0.0000,0.0000,,X,1.9050,1.9050,Non-Plated,
122,PAD125CIR63D,Circle Drill,1.6002,,,0.0000,0.0000,,D,1.5240,1.5240,Plated,
123,PAD150CIR63D,Circle Drill,1.6002,,,0.0000,0.0000,,D,1.5240,1.5240,Plated,
124,PAD156,Circle Drill,3.9624,,,0.0000,0.0000,,A,2.5400,2.5400,Non-Plated,
125,PAD170H,Circle Drill,4.3180,,,0.0000,0.0000,Square,,4.3180,4.3180,Non-Plated,
126,PAD250,Circle Drill,6.3500,,,0.0000,0.0000,,B,2.5400,2.5400,Non-Plated,
127,PAD262REC35,Circle Drill,0.8890,,,0.0000,0.0000,Rectangle,,0.8890,1.1430,Non-Plated,
128,PAD30CIR20D,Circle Drill,0.5080,,,0.0000,0.0000,Cross,,0.5080,0.5080,Plated,
129,PAD31CIR21D,Circle Drill,0.5334,,,0.0000,0.0000,Circle,,0.5334,0.5334,Plated,
130,PAD35CIR21D,Circle Drill,0.5334,,,0.0000,0.0000,Circle,,0.5334,0.5334,Plated,
131,PAD35CIR25D,Circle Drill,0.6350,,,0.0000,0.0000,Cross,,0.6350,0.6350,Plated,
132,PAD40CIR25D,Circle Drill,0.6350,,,0.0000,0.0000,Cross,,0.6350,0.6350,Plated,
133,PAD40CIR28D,Circle Drill,0.7112,,,0.0000,0.0000,Cross,,0.7112,0.7112,Plated,
134,PAD40CIR33D,Circle Drill,0.8382,,,0.0000,0.0000,Cross,,0.8382,0.8382,Plated,
135,PAD424CIR170D,Circle Drill,4.3180,,,0.0000,0.0000,Hexagon X,,12.6238,12.6238,Plated,
136,PAD43CIR33D,Circle Drill,0.8382,,,0.0000,0.0000,Cross,,0.8382,0.8382,Plated,
137,PAD44CIR33,Circle Drill,0.8382,,,0.0000,0.0000,Cross,,0.8382,0.8382,Plated,
138,PAD44CIR34D,Circle Drill,0.9144,,,0.0000,0.0000,Hexagon X,,1.2700,1.2700,Plated,
139,PAD45CIR22D,Circle Drill,0.5588,,,0.0000,0.0000,Hexagon X,,0.5588,0.5588,Plated,
140,PAD45CIR30D,Circle Drill,0.7620,,,0.0000,0.0000,Hexagon X,,0.8382,0.8382,Plated,
141,PAD50CIR30D,Circle Drill,0.7620,,,0.0000,0.0000,Hexagon X,,0.8382,0.8382,Plated,
142,PAD50CIR32D,Circle Drill,0.8128,,,0.0000,0.0000,Rectangle,,1.1430,0.6350,Plated,
143,PAD50SQ30D,Circle Drill,0.7620,,,0.0000,0.0000,Hexagon X,,0.8382,0.8382,Plated,
144,PAD50SQ32D,Circle Drill,0.8128,,,0.0000,0.0000,Rectangle,,1.1430,0.6350,Plated,
145,PAD55CIR25,Circle Drill,0.6350,,,0.0000,0.0000,Cross,,0.6350,0.6350,Plated,
146,PAD55CIR25D,Circle Drill,0.6350,,,0.0000,0.0000,Cross,,0.6350,0.6350,Plated,
147,PAD55SCIR25D,Circle Drill,0.6350,,,0.0000,0.0000,Cross,,0.6350,0.6350,Plated,
148,PAD55SQ25D,Circle Drill,0.6350,,,0.0000,0.0000,Cross,,0.6350,0.6350,Plated,
149,PAD60CIR35,Circle Drill,1.0160,,,0.0000,0.0000,Cross,,1.0160,1.0160,Plated,
150,PAD60CIR35D,Circle Drill,0.8890,,,0.0000,0.0000,Circle,,1.2700,1.2700,Plated,
151,PAD60CIR36D,Circle Drill,0.9144,,,0.0000,0.0000,Hexagon X,,1.2700,1.2700,Plated,
152,PAD60CIR38D,Circle Drill,1.0160,,,0.0000,0.0000,Cross,,1.0160,1.0160,Plated,
153,PAD60CIR42D,Circle Drill,1.0668,,,0.0000,0.0000,Oblong Y,,1.0160,1.6510,Plated,
154,PAD60SQ36D,Circle Drill,0.9144,,,0.0000,0.0000,Hexagon X,,1.2700,1.2700,Plated,
155,PAD62CIR32D,Circle Drill,0.8128,,,0.0000,0.0000,Oblong Y,,1.0160,1.6510,Plated,
156,PAD62SQ32D,Circle Drill,0.8128,,,0.0000,0.0000,Square,,0.2540,0.2540,Plated,
157,PAD62SQ37D,Circle Drill,0.9398,,,0.0000,0.0000,Square,,0.2540,0.2540,Plated,
158,PAD65CIR35D,Circle Drill,0.8890,,,0.0000,0.0000,Oblong Y,,1.0160,1.6510,Plated,
159,PAD65CIR37D,Circle Drill,0.9144,,,0.0000,0.0000,Hexagon X,,1.2700,1.2700,Plated,
160,PAD65CIR41D,Circle Drill,1.0414,,,0.0000,0.0000,Cross,,1.0414,1.0414,Plated,
161,PAD65CIR42D,Circle Drill,1.0668,,,0.0000,0.0000,Oblong Y,,1.0160,1.6510,Plated,
162,PAD65CIR43D,Circle Drill,1.0922,,,0.0000,0.0000,Cross,,1.0922,1.0922,Plated,
163,PAD65SQ35D,Circle Drill,0.8890,,,0.0000,0.0000,Square,,0.2540,0.2540,Plated,
164,PAD65SQ37D,Circle Drill,0.9144,,,0.0000,0.0000,Hexagon X,,1.2700,1.2700,Plated,
165,PAD667CIR227D,Circle Drill,5.7658,,,0.0000,0.0000,Hexagon X,,19.8628,19.8628,Plated,
166,PAD70CIR45D,Circle Drill,1.1176,,,0.0000,0.0000,Hexagon X,,1.0160,1.0160,Plated,
167,PAD70CIR60D,Circle Drill,1.5240,,,0.0000,0.0000,Cross,,1.5240,1.5240,Plated,
168,PAD70SQ45D,Circle Drill,1.1176,,,0.0000,0.0000,Hexagon X,,1.0160,1.0160,Plated,
169,PAD75CIR38D,Circle Drill,0.9652,,,0.0000,0.0000,Square,,1.2700,1.2700,Plated,
170,PAD75CIR45D,Circle Drill,1.1430,,,0.0000,0.0000,Cross,,1.2700,1.2700,Plated,
171,PAD75CIR49D,Circle Drill,1.2446,,,0.0000,0.0000,Square,,1.2700,1.2700,Plated,
172,PAD75CIR51D,Circle Drill,1.2954,,,0.0000,0.0000,Diamond,,0.6350,1.0160,Plated,
173,PAD75SQ49D,Circle Drill,1.2446,,,0.0000,0.0000,Square,,1.2700,1.2700,Plated,
174,PAD80CIR50D,Circle Drill,1.2700,,,0.0000,0.0000,Rectangle,,1.9050,1.2700,Plated,
175,PAD80CIR55D,Circle Drill,1.3970,,,0.0000,0.0000,Hexagon X,,1.6510,1.6510,Plated,
176,PAD80CIR65D,Circle Drill,1.6764,,,0.0000,0.0000,Cross,,1.6764,1.6764,Plated,
177,PAD90CIR70D,Circle Drill,1.7780,,,0.0000,0.0000,Cross,,1.7780,1.7780,Plated,
178,PAD93CIR51D,Circle Drill,1.2954,,,0.0000,0.0000,Diamond,,0.6350,1.0160,Plated,
179,PAD93CIR52D,Circle Drill,1.3208,,,0.0000,0.0000,Hexagon X,,1.3208,1.3208,Plated,
180,PAD93CIR53D,Circle Drill,1.3462,,,0.0000,0.0000,Hexagon X,,1.3462,1.3462,Plated,
181,PAD93CIR56D,Circle Drill,1.4224,,,0.0000,0.0000,Hexagon X,C,1.4224,1.4224,Plated,
182,PAD93CIR58D,Circle Drill,1.4732,,,0.0000,0.0000,Triangle,C,0.6350,0.8890,Plated,
183,PC104_LLB_PAD1,Circle Drill,0.9398,,,0.0000,0.0000,Circle,A,0.9398,0.9398,Plated,
184,PC104_LLB_PAD2,Circle Drill,0.9398,,,0.0000,0.0000,Circle,A,0.9398,0.9398,Plated,
185,PC104_LLB_PAD3,Circle Drill,0.9398,,,0.0000,0.0000,Circle,A,0.9398,0.9398,Plated,
186,PC104_LLB_PAD4,Circle Drill,0.9398,,,0.0000,0.0000,Circle,A,0.9398,0.9398,Plated,
187,PCI_LLB_HOLE1,Circle Drill,2.4384,,,0.0000,0.0000,Circle,A,2.4384,2.4384,Plated,
188,PCI_LLB_PAD1,Circle Drill,0.7874,,,0.0000,0.0000,Circle,A,0.7874,0.7874,Plated,
189,PCI_LLB_PAD2,Circle Drill,0.7874,,,0.0000,0.0000,Circle,A,0.7874,0.7874,Plated,
190,PCON100T_LLB_PAD1,Circle Drill,1.0668,,,0.0000,0.0000,Circle,A,1.0668,1.0668,Plated,
191,PCON100T_LLB_PAD2,Circle Drill,1.0668,,,0.0000,0.0000,Circle,A,1.0668,1.0668,Plated,
192,PCON156T_LLB_PAD1,Circle Drill,1.7780,,,0.0000,0.0000,Circle,A,1.7780,1.7780,Plated,
193,PCON156T_LLB_PAD2,Circle Drill,1.7780,,,0.0000,0.0000,Circle,A,1.7780,1.7780,Plated,
194,PGA,Circle Drill,0.8128,,,0.0000,0.0000,Rectangle,,1.1430,0.6350,Plated,
195,PGA_LLB_PAD1_1,Circle Drill,0.8636,,,0.0000,0.0000,Circle,A,0.8636,0.8636,Plated,
196,PGA_LLB_PAD2_1,Circle Drill,0.8636,,,0.0000,0.0000,Circle,A,0.8636,0.8636,Plated,
197,PGA_LLB_PAD3_1,Circle Drill,0.7112,,,0.0000,0.0000,Circle,A,0.7112,0.7112,Plated,
198,PGA_LLB_PAD4_1,Circle Drill,0.7112,,,0.0000,0.0000,Circle,A,0.7112,0.7112,Plated,
199,PGA_SQ,Circle Drill,0.8128,,,0.0000,0.0000,Rectangle,,1.1430,0.6350,Plated,
200,PLCC_LLB_HOLE1,Circle Drill,1.7018,,,0.0000,0.0000,Circle,A,1.7018,1.7018,Plated,
201,PLCC_LLB_PAD1,Circle Drill,0.8636,,,0.0000,0.0000,Circle,A,0.8636,0.8636,Plated,
202,PLCC_LLB_PAD2,Circle Drill,0.8636,,,0.0000,0.0000,Circle,A,0.8636,0.8636,Plated,
203,PLCC_LLB_PAD3_1,Circle Drill,0.8636,,,0.0000,0.0000,Circle,A,0.8636,0.8636,Plated,
204,PLCC_LLB_PAD4_1,Circle Drill,0.8636,,,0.0000,0.0000,Circle,A,0.8636,0.8636,Plated,
205,PLCC_LLB_PAD5_1,Circle Drill,0.8636,,,0.0000,0.0000,Circle,A,0.8636,0.8636,Plated,
206,QUADB_LLB_PAD17_1,Circle Drill,0.6858,,,0.0000,0.0000,Circle,A,0.6858,0.6858,Plated,
207,QUADB_LLB_PAD18_1,Circle Drill,0.6858,,,0.0000,0.0000,Circle,A,0.6858,0.6858,Plated,
208,QUADB_LLB_PAD19_1,Circle Drill,0.6858,,,0.0000,0.0000,Circle,A,0.6858,0.6858,Plated,
209,QUADB_LLB_PAD20,Circle Drill,0.6858,,,0.0000,0.0000,Circle,A,0.6858,0.6858,Plated,
210,QUADB_LLB_PAD21_1,Circle Drill,0.6858,,,0.0000,0.0000,Circle,A,0.6858,0.6858,Plated,
211,QUADB_LLB_PAD22_1,Circle Drill,0.6858,,,0.0000,0.0000,Circle,A,0.6858,0.6858,Plated,
212,QUADB_LLB_PAD23,Circle Drill,0.6858,,,0.0000,0.0000,Circle,A,0.6858,0.6858,Plated,
213,QUAD_LLB_PAD1_1,Circle Drill,0.6858,,,0.0000,0.0000,Circle,A,0.6858,0.6858,Plated,
214,QUAD_LLB_PAD28_1,Circle Drill,0.6096,,,0.0000,0.0000,Circle,A,0.6096,0.6096,Plated,
215,QUAD_LLB_PAD29_1,Circle Drill,0.6096,,,0.0000,0.0000,Circle,A,0.6096,0.6096,Plated,
216,QUAD_LLB_PAD2_1,Circle Drill,0.6858,,,0.0000,0.0000,Circle,A,0.6858,0.6858,Plated,
217,QUAD_LLB_PAD30_1,Circle Drill,0.6096,,,0.0000,0.0000,Circle,A,0.6096,0.6096,Plated,
218,QUAD_LLB_PAD31_1,Circle Drill,0.6096,,,0.0000,0.0000,Circle,A,0.6096,0.6096,Plated,
219,QUAD_LLB_PAD32,Circle Drill,0.6096,,,0.0000,0.0000,Circle,A,0.6096,0.6096,Plated,
220,QUAD_LLB_PAD3_1,Circle Drill,0.6858,,,0.0000,0.0000,Circle,A,0.6858,0.6858,Plated,
221,QUAD_LLB_PAD81,Circle Drill,0.6858,,,0.0000,0.0000,Circle,A,0.6858,0.6858,Plated,
222,QUAD_LLB_PAD82,Circle Drill,0.6858,,,0.0000,0.0000,Circle,A,0.6858,0.6858,Plated,
223,QUAD_LLB_PAD83_1,Circle Drill,0.6858,,,0.0000,0.0000,Circle,A,0.6858,0.6858,Plated,
224,QUAD_LLB_PAD84_1,Circle Drill,0.6858,,,0.0000,0.0000,Circle,A,0.6858,0.6858,Plated,
225,RELAY_LLB_PAD10_1,Circle Drill,1.0668,,,0.0000,0.0000,Circle,A,1.0668,1.0668,Plated,
226,RELAY_LLB_PAD11_1,Circle Drill,0.7874,,,0.0000,0.0000,Circle,A,0.7874,0.7874,Plated,
227,RELAY_LLB_PAD12_1,Circle Drill,1.0668,,,0.0000,0.0000,Circle,A,1.0668,1.0668,Plated,
228,RELAY_LLB_PAD15_1,Circle Drill,1.4732,,,0.0000,0.0000,Circle,A,1.4732,1.4732,Plated,
229,RELAY_LLB_PAD16_1,Circle Drill,1.4732,,,0.0000,0.0000,Circle,A,1.4732,1.4732,Plated,
230,RELAY_LLB_PAD17_1,Circle Drill,1.4732,,,0.0000,0.0000,Circle,A,1.4732,1.4732,Plated,
231,RELAY_LLB_PAD18_1,Circle Drill,1.3716,,,0.0000,0.0000,Circle,A,1.3716,1.3716,Plated,
232,RELAY_LLB_PAD19_1,Circle Drill,1.2700,,,0.0000,0.0000,Circle,A,1.2700,1.2700,Plated,
233,RELAY_LLB_PAD1_1,Circle Drill,0.7874,,,0.0000,0.0000,Circle,A,0.7874,0.7874,Plated,
234,RELAY_LLB_PAD20_1,Circle Drill,1.1684,,,0.0000,0.0000,Circle,A,1.1684,1.1684,Plated,
235,RELAY_LLB_PAD23_1,Circle Drill,0.9398,,,0.0000,0.0000,Circle,A,0.9398,0.9398,Plated,
236,RELAY_LLB_PAD24_1,Circle Drill,1.8034,,,0.0000,0.0000,Circle,A,1.8034,1.8034,Plated,
237,RELAY_LLB_PAD25_1,Circle Drill,1.8034,,,0.0000,0.0000,Circle,A,1.8034,1.8034,Plated,
238,RELAY_LLB_PAD2_1,Circle Drill,1.1684,,,0.0000,0.0000,Circle,A,1.1684,1.1684,Plated,
239,RELAY_LLB_PAD30_1,Circle Drill,1.2700,,,0.0000,0.0000,Circle,A,1.2700,1.2700,Plated,
240,RELAY_LLB_PAD31_1,Circle Drill,1.2700,,,0.0000,0.0000,Circle,A,1.2700,1.2700,Plated,
241,RELAY_LLB_PAD32_1,Circle Drill,1.0160,,,0.0000,0.0000,Circle,A,1.0160,1.0160,Plated,
242,RELAY_LLB_PAD33_1,Circle Drill,1.0160,,,0.0000,0.0000,Circle,A,1.0160,1.0160,Plated,
243,RELAY_LLB_PAD34_1,Circle Drill,1.0160,,,0.0000,0.0000,Circle,A,1.0160,1.0160,Plated,
244,RELAY_LLB_PAD35_1,Circle Drill,1.0160,,,0.0000,0.0000,Circle,A,1.0160,1.0160,Plated,
245,RELAY_LLB_PAD36_1,Circle Drill,1.2700,,,0.0000,0.0000,Circle,A,1.2700,1.2700,Plated,
246,RELAY_LLB_PAD3_1,Circle Drill,1.1684,,,0.0000,0.0000,Circle,A,1.1684,1.1684,Plated,
247,RELAY_LLB_PAD4_1,Circle Drill,0.8636,,,0.0000,0.0000,Circle,A,0.8636,0.8636,Plated,
248,RELAY_LLB_PAD5_1,Circle Drill,0.8636,,,0.0000,0.0000,Circle,A,0.8636,0.8636,Plated,
249,RELAY_LLB_PAD8_1,Circle Drill,1.0668,,,0.0000,0.0000,Circle,A,1.0668,1.0668,Plated,
250,RELAY_LLB_PAD9_1,Circle Drill,1.0668,,,0.0000,0.0000,Circle,A,1.0668,1.0668,Plated,
251,RF_LLB_HOLE1,Circle Drill,2.0066,,,0.0000,0.0000,Circle,A,2.0066,2.0066,Plated,
252,RF_LLB_PAD1,Circle Drill,1.3716,,,0.0000,0.0000,Circle,A,1.3716,1.3716,Plated,
253,RF_LLB_PAD2,Circle Drill,1.2700,,,0.0000,0.0000,Circle,A,1.2700,1.2700,Plated,
254,RF_LLB_PAD3,Circle Drill,1.7018,,,0.0000,0.0000,Circle,A,1.7018,1.7018,Plated,
255,RF_LLB_PAD4,Circle Drill,0.8890,,,0.0000,0.0000,Circle,A,0.8890,0.8890,Plated,
256,SBUS_LLB_HOLE1,Circle Drill,1.5748,,,0.0000,0.0000,Circle,A,1.5748,1.5748,Plated,
257,SBUS_LLB_PAD1,Circle Drill,0.7112,,,0.0000,0.0000,Circle,A,0.7112,0.7112,Plated,
258,SBUS_LLB_PAD2,Circle Drill,0.7874,,,0.0000,0.0000,Circle,A,0.7874,0.7874,Plated,
259,SBUS_LLB_PAD3,Circle Drill,0.7112,,,0.0000,0.0000,Circle,A,0.7112,0.7112,Plated,
260,SBUS_LLB_PAD4_1,Circle Drill,0.7112,,,0.0000,0.0000,Circle,A,0.7112,0.7112,Plated,
261,SBUS_LLB_PAD5_1,Circle Drill,0.7874,,,0.0000,0.0000,Circle,A,0.7874,0.7874,Plated,
262,SBUS_LLB_PAD6_1,Circle Drill,0.7112,,,0.0000,0.0000,Circle,A,0.7112,0.7112,Plated,
263,SIMM050F_LLB_HOLE1,Circle Drill,3.1750,,,0.0000,0.0000,Circle,A,3.1750,3.1750,Plated,
264,SIMM050T_LLB_HOLE1,Circle Drill,2.0320,,,0.0000,0.0000,Circle,A,2.0320,2.0320,Plated,
265,SIMM050T_LLB_HOLE2,Circle Drill,2.4384,,,0.0000,0.0000,Circle,A,2.4384,2.4384,Plated,
266,SIMM050T_LLB_HOLE3,Circle Drill,1.5748,,,0.0000,0.0000,Circle,A,1.5748,1.5748,Plated,
267,SIMM050T_LLB_HOLE4,Circle Drill,2.4130,,,0.0000,0.0000,Circle,A,2.4130,2.4130,Plated,
268,SIMM050T_LLB_PAD1,Circle Drill,1.0160,,,0.0000,0.0000,Circle,A,1.0160,1.0160,Plated,
269,SIMM050T_LLB_PAD2,Circle Drill,1.0160,,,0.0000,0.0000,Circle,A,1.0160,1.0160,Plated,
270,SIMM050T_LLB_PAD3,Circle Drill,1.0160,,,0.0000,0.0000,Circle,A,1.0160,1.0160,Plated,
271,SIMM050T_LLB_PAD3_1,Circle Drill,1.0160,,,0.0000,0.0000,Circle,A,1.0160,1.0160,Plated,
272,SIMM050T_LLB_PAD4,Circle Drill,1.0160,,,0.0000,0.0000,Circle,A,1.0160,1.0160,Plated,
273,SIMM050T_LLB_PAD4_1,Circle Drill,1.0160,,,0.0000,0.0000,Circle,A,1.0160,1.0160,Plated,
274,SIMM100F_LLB_HOLE1,Circle Drill,3.1750,,,0.0000,0.0000,Circle,A,3.1750,3.1750,Plated,
275,SIMM100T_LLB_HOLE1,Circle Drill,1.5748,,,0.0000,0.0000,Circle,A,1.5748,1.5748,Plated,
276,SIMM100T_LLB_HOLE2,Circle Drill,2.4130,,,0.0000,0.0000,Circle,A,2.4130,2.4130,Plated,
277,SIMM100T_LLB_HOLE3,Circle Drill,1.6256,,,0.0000,0.0000,Circle,A,1.6256,1.6256,Plated,
278,SIMM100T_LLB_HOLE4,Circle Drill,2.3622,,,0.0000,0.0000,Circle,A,2.3622,2.3622,Plated,
279,SIMM100T_LLB_PAD1,Circle Drill,1.0160,,,0.0000,0.0000,Circle,A,1.0160,1.0160,Plated,
280,SIMM100T_LLB_PAD2,Circle Drill,1.0160,,,0.0000,0.0000,Circle,A,1.0160,1.0160,Plated,
281,SIP_LIB_PAD1,Circle Drill,0.8636,,,0.0000,0.0000,Circle,A,0.8636,0.8636,Plated,
282,SIP_LIB_PAD2,Circle Drill,0.8636,,,0.0000,0.0000,Circle,A,0.8636,0.8636,Plated,
283,SIP_LLB_PAD1,Circle Drill,0.8636,,,0.0000,0.0000,Circle,A,0.8636,0.8636,Plated,
284,SIP_LLB_PAD2,Circle Drill,0.8636,,,0.0000,0.0000,Circle,A,0.8636,0.8636,Plated,
285,SOJ_LLB_HOLE1,Circle Drill,1.3970,,,0.0000,0.0000,Circle,A,1.3970,1.3970,Plated,
286,SQ55,Circle Drill,0.9144,,,0.0000,0.0000,Diamond,A,1.2700,1.2700,Plated,
287,SQ60,Circle Drill,0.9144,,,0.0000,0.0000,Diamond,A,1.2700,1.2700,Plated,
288,T1_1,Circle Drill,0.9652,,,0.0000,0.0000,Circle,A,0.9652,0.9652,Plated,
289,T3_1,Circle Drill,0.9652,,,0.0000,0.0000,Circle,A,0.9652,0.9652,Plated,
290,T4_1,Circle Drill,0.9652,,,0.0000,0.0000,Circle,A,0.9652,0.9652,Plated,
291,TELE_LLB_HOLE1,Circle Drill,3.2512,,,0.0000,0.0000,Circle,A,3.2512,3.2512,Plated,
292,TELE_LLB_PAD1,Circle Drill,0.8636,,,0.0000,0.0000,Circle,A,0.8636,0.8636,Plated,
293,TELE_LLB_PAD2,Circle Drill,0.8636,,,0.0000,0.0000,Circle,A,0.8636,0.8636,Plated,
294,TM_035H_055P_RND,Circle Drill,0.8636,,,0.0000,0.0000,Circle,A,0.8636,0.8636,Plated,
295,TM_035H_055P_SQ,Circle Drill,0.8636,,,0.0000,0.0000,Circle,A,0.8636,0.8636,Plated,
296,TM_091H_112P_RND,Circle Drill,2.3114,,,0.0000,0.0000,Circle,A,2.3114,2.3114,Plated,
297,TM_AXIAL_LLB_PAD1,Circle Drill,0.8636,,,0.0000,0.0000,Circle,A,0.8636,0.8636,Plated,
298,TM_AXIAL_LLB_PAD2,Circle Drill,0.7112,,,0.0000,0.0000,Circle,A,0.7112,0.7112,Plated,
299,TM_AXIAL_LLB_PAD3,Circle Drill,0.7874,,,0.0000,0.0000,Circle,A,0.7874,0.7874,Plated,
300,TM_AXIAL_LLB_PAD5,Circle Drill,1.0160,,,0.0000,0.0000,Circle,A,1.0160,1.0160,Plated,
301,TM_AXIAL_LLB_PAD6,Circle Drill,1.0668,,,0.0000,0.0000,Circle,A,1.0668,1.0668,Plated,
302,TM_AXIAL_LLB_PAD7,Circle Drill,1.4732,,,0.0000,0.0000,Circle,A,1.4732,1.4732,Plated,
303,TM_AXIAL_LLB_PAD8,Circle Drill,1.2700,,,0.0000,0.0000,Circle,A,1.2700,1.2700,Plated,
304,TM_AXIAL_LLB_PAD9,Circle Drill,1.1684,,,0.0000,0.0000,Circle,A,1.1684,1.1684,Plated,
305,TM_CAP_P_LLB_PAD1,Circle Drill,0.8636,,,0.0000,0.0000,Circle,A,0.8636,0.8636,Plated,
306,TM_CAP_P_LLB_PAD10,Circle Drill,1.0160,,,0.0000,0.0000,Circle,A,1.0160,1.0160,Plated,
307,TM_CAP_P_LLB_PAD2,Circle Drill,0.8636,,,0.0000,0.0000,Circle,A,0.8636,0.8636,Plated,
308,TM_CAP_P_LLB_PAD2_1,Circle Drill,0.9398,,,0.0000,0.0000,Circle,A,0.9398,0.9398,Plated,
309,TM_CAP_P_LLB_PAD3,Circle Drill,0.7874,,,0.0000,0.0000,Circle,A,0.7874,0.7874,Plated,
310,TM_CAP_P_LLB_PAD4,Circle Drill,0.7874,,,0.0000,0.0000,Circle,A,0.7874,0.7874,Plated,
311,TM_CAP_P_LLB_PAD5,Circle Drill,0.9398,,,0.0000,0.0000,Circle,A,0.9398,0.9398,Plated,
312,TM_CAP_P_LLB_PAD7,Circle Drill,1.2700,,,0.0000,0.0000,Circle,A,1.2700,1.2700,Plated,
313,TM_CAP_P_LLB_PAD8,Circle Drill,1.2700,,,0.0000,0.0000,Circle,A,1.2700,1.2700,Plated,
314,TM_CAP_P_LLB_PAD9,Circle Drill,1.0160,,,0.0000,0.0000,Circle,A,1.0160,1.0160,Plated,
315,TM_CYLND_LLB_PAD1,Circle Drill,0.8636,,,0.0000,0.0000,Circle,A,0.8636,0.8636,Plated,
316,TM_CYLND_LLB_PAD2,Circle Drill,0.8636,,,0.0000,0.0000,Circle,A,0.8636,0.8636,Plated,
317,TM_CYLND_LLB_PAD3,Circle Drill,0.7874,,,0.0000,0.0000,Circle,A,0.7874,0.7874,Plated,
318,TM_CYLND_LLB_PAD4,Circle Drill,0.7874,,,0.0000,0.0000,Circle,A,0.7874,0.7874,Plated,
319,TM_CYLND_LLB_PAD5,Circle Drill,0.9398,,,0.0000,0.0000,Circle,A,0.9398,0.9398,Plated,
320,TM_CYLND_LLB_PAD7,Circle Drill,1.0160,,,0.0000,0.0000,Circle,A,1.0160,1.0160,Plated,
321,TM_CYLND_LLB_PAD8,Circle Drill,1.0160,,,0.0000,0.0000,Circle,A,1.0160,1.0160,Plated,
322,TM_DIODE_LLB_PAD1,Circle Drill,1.0668,,,0.0000,0.0000,Circle,A,1.0668,1.0668,Plated,
323,TM_DIODE_LLB_PAD10,Circle Drill,0.7112,,,0.0000,0.0000,Circle,A,0.7112,0.7112,Plated,
324,TM_DIODE_LLB_PAD11,Circle Drill,1.0160,,,0.0000,0.0000,Circle,A,1.0160,1.0160,Plated,
325,TM_DIODE_LLB_PAD11_1,Circle Drill,1.0160,,,0.0000,0.0000,Circle,A,1.0160,1.0160,Plated,
326,TM_DIODE_LLB_PAD12,Circle Drill,1.0160,,,0.0000,0.0000,Circle,A,1.0160,1.0160,Plated,
327,TM_DIODE_LLB_PAD12_1,Circle Drill,1.0160,,,0.0000,0.0000,Circle,A,1.0160,1.0160,Plated,
328,TM_DIODE_LLB_PAD13,Circle Drill,0.8636,,,0.0000,0.0000,Circle,A,0.8636,0.8636,Plated,
329,TM_DIODE_LLB_PAD14,Circle Drill,0.8636,,,0.0000,0.0000,Circle,A,0.8636,0.8636,Plated,
330,TM_DIODE_LLB_PAD15_1,Circle Drill,1.0668,,,0.0000,0.0000,Circle,A,1.0668,1.0668,Plated,
331,TM_DIODE_LLB_PAD16_1,Circle Drill,1.0668,,,0.0000,0.0000,Circle,A,1.0668,1.0668,Plated,
332,TM_DIODE_LLB_PAD17,Circle Drill,1.1684,,,0.0000,0.0000,Circle,A,1.1684,1.1684,Plated,
333,TM_DIODE_LLB_PAD18,Circle Drill,1.1684,,,0.0000,0.0000,Circle,A,1.1684,1.1684,Plated,
334,TM_DIODE_LLB_PAD19_1,Circle Drill,1.1684,,,0.0000,0.0000,Circle,A,1.1684,1.1684,Plated,
335,TM_DIODE_LLB_PAD2,Circle Drill,1.0668,,,0.0000,0.0000,Circle,A,1.0668,1.0668,Plated,
336,TM_DIODE_LLB_PAD20_1,Circle Drill,1.1684,,,0.0000,0.0000,Circle,A,1.1684,1.1684,Plated,
337,TM_DIODE_LLB_PAD21,Circle Drill,1.2700,,,0.0000,0.0000,Circle,A,1.2700,1.2700,Plated,
338,TM_DIODE_LLB_PAD22,Circle Drill,1.2700,,,0.0000,0.0000,Circle,A,1.2700,1.2700,Plated,
339,TM_DIODE_LLB_PAD23,Circle Drill,1.5748,,,0.0000,0.0000,Circle,A,1.5748,1.5748,Plated,
340,TM_DIODE_LLB_PAD24,Circle Drill,1.5748,,,0.0000,0.0000,Circle,A,1.5748,1.5748,Plated,
341,TM_DIODE_LLB_PAD25,Circle Drill,1.7018,,,0.0000,0.0000,Circle,A,1.7018,1.7018,Plated,
342,TM_DIODE_LLB_PAD26,Circle Drill,1.7018,,,0.0000,0.0000,Circle,A,1.7018,1.7018,Plated,
343,TM_DIODE_LLB_PAD27_1,Circle Drill,1.2700,,,0.0000,0.0000,Circle,A,1.2700,1.2700,Plated,
344,TM_DIODE_LLB_PAD28_1,Circle Drill,1.2700,,,0.0000,0.0000,Circle,A,1.2700,1.2700,Plated,
345,TM_DIODE_LLB_PAD29,Circle Drill,0.7112,,,0.0000,0.0000,Circle,A,0.7112,0.7112,Plated,
346,TM_DIODE_LLB_PAD29_1,Circle Drill,0.7112,,,0.0000,0.0000,Circle,A,0.7112,0.7112,Plated,
347,TM_DIODE_LLB_PAD3,Circle Drill,0.7874,,,0.0000,0.0000,Circle,A,0.7874,0.7874,Plated,
348,TM_DIODE_LLB_PAD30,Circle Drill,0.7112,,,0.0000,0.0000,Circle,A,0.7112,0.7112,Plated,
349,TM_DIODE_LLB_PAD30_1,Circle Drill,0.7112,,,0.0000,0.0000,Circle,A,0.7112,0.7112,Plated,
350,TM_DIODE_LLB_PAD31,Circle Drill,1.0668,,,0.0000,0.0000,Circle,A,1.0668,1.0668,Plated,
351,TM_DIODE_LLB_PAD32,Circle Drill,1.0668,,,0.0000,0.0000,Circle,A,1.0668,1.0668,Plated,
352,TM_DIODE_LLB_PAD33,Circle Drill,1.6256,,,0.0000,0.0000,Circle,A,1.6256,1.6256,Plated,
353,TM_DIODE_LLB_PAD34,Circle Drill,1.6256,,,0.0000,0.0000,Circle,A,1.6256,1.6256,Plated,
354,TM_DIODE_LLB_PAD35,Circle Drill,1.5494,,,0.0000,0.0000,Circle,A,1.5494,1.5494,Plated,
355,TM_DIODE_LLB_PAD36,Circle Drill,1.5494,,,0.0000,0.0000,Circle,A,1.5494,1.5494,Plated,
356,TM_DIODE_LLB_PAD39,Circle Drill,1.3208,,,0.0000,0.0000,Circle,A,1.3208,1.3208,Plated,
357,TM_DIODE_LLB_PAD4,Circle Drill,0.7874,,,0.0000,0.0000,Circle,A,0.7874,0.7874,Plated,
358,TM_DIODE_LLB_PAD40,Circle Drill,1.3208,,,0.0000,0.0000,Circle,A,1.3208,1.3208,Plated,
359,TM_DIODE_LLB_PAD5_1,Circle Drill,0.7874,,,0.0000,0.0000,Circle,A,0.7874,0.7874,Plated,
360,TM_DIODE_LLB_PAD6_1,Circle Drill,0.7874,,,0.0000,0.0000,Circle,A,0.7874,0.7874,Plated,
361,TM_DIODE_LLB_PAD7_1,Circle Drill,0.8636,,,0.0000,0.0000,Circle,A,0.8636,0.8636,Plated,
362,TM_DIODE_LLB_PAD8_1,Circle Drill,0.8636,,,0.0000,0.0000,Circle,A,0.8636,0.8636,Plated,
363,TM_DIODE_LLB_PAD9,Circle Drill,0.7112,,,0.0000,0.0000,Circle,A,0.7112,0.7112,Plated,
364,TM_DISC_LLB_PAD1,Circle Drill,0.8636,,,0.0000,0.0000,Circle,A,0.8636,0.8636,Plated,
365,TM_DISC_LLB_PAD2,Circle Drill,1.0668,,,0.0000,0.0000,Circle,A,1.0668,1.0668,Plated,
366,TM_DISC_LLB_PAD3,Circle Drill,0.7874,,,0.0000,0.0000,Circle,A,0.7874,0.7874,Plated,
367,TM_DISC_LLB_PAD5,Circle Drill,1.0160,,,0.0000,0.0000,Circle,A,1.0160,1.0160,Plated,
368,TM_RAD_LLB_PAD1,Circle Drill,0.8636,,,0.0000,0.0000,Circle,A,0.8636,0.8636,Plated,
369,TM_RAD_LLB_PAD2,Circle Drill,0.7874,,,0.0000,0.0000,Circle,A,0.7874,0.7874,Plated,
370,TM_RAD_LLB_PAD3,Circle Drill,1.0160,,,0.0000,0.0000,Circle,A,1.0160,1.0160,Plated,
371,TO_LLB_HOLE1_1,Circle Drill,4.0894,,,0.0000,0.0000,Circle,A,4.0894,4.0894,Plated,
372,TO_LLB_HOLE2_1,Circle Drill,3.3020,,,0.0000,0.0000,Circle,A,3.3020,3.3020,Plated,
373,TO_LLB_HOLE3,Circle Drill,3.8608,,,0.0000,0.0000,Circle,A,3.8608,3.8608,Plated,
374,TO_LLB_HOLE3_1,Circle Drill,3.8608,,,0.0000,0.0000,Circle,A,3.8608,3.8608,Plated,
375,TO_LLB_HOLE4_1,Circle Drill,4.2418,,,0.0000,0.0000,Circle,A,4.2418,4.2418,Plated,
376,TO_LLB_HOLE5_1,Circle Drill,3.7338,,,0.0000,0.0000,Circle,A,3.7338,3.7338,Plated,
377,TO_LLB_PAD10_1,Circle Drill,1.1430,,,0.0000,0.0000,Circle,A,1.1430,1.1430,Plated,
378,TO_LLB_PAD11_1,Circle Drill,0.7874,,,0.0000,0.0000,Circle,A,0.7874,0.7874,Plated,
379,TO_LLB_PAD12_1,Circle Drill,0.7874,,,0.0000,0.0000,Circle,A,0.7874,0.7874,Plated,
380,TO_LLB_PAD13_1,Circle Drill,0.7874,,,0.0000,0.0000,Circle,A,0.7874,0.7874,Plated,
381,TO_LLB_PAD14_1,Circle Drill,0.7874,,,0.0000,0.0000,Circle,A,0.7874,0.7874,Plated,
382,TO_LLB_PAD15_1,Circle Drill,0.7874,,,0.0000,0.0000,Circle,A,0.7874,0.7874,Plated,
383,TO_LLB_PAD16_1,Circle Drill,0.7874,,,0.0000,0.0000,Circle,A,0.7874,0.7874,Plated,
384,TO_LLB_PAD17_1,Circle Drill,0.7874,,,0.0000,0.0000,Circle,A,0.7874,0.7874,Plated,
385,TO_LLB_PAD18_1,Circle Drill,0.7874,,,0.0000,0.0000,Circle,A,0.7874,0.7874,Plated,
386,TO_LLB_PAD19_1,Circle Drill,0.7874,,,0.0000,0.0000,Circle,A,0.7874,0.7874,Plated,
387,TO_LLB_PAD1_1,Circle Drill,1.3716,,,0.0000,0.0000,Circle,A,1.3716,1.3716,Plated,
388,TO_LLB_PAD20_1,Circle Drill,0.7874,,,0.0000,0.0000,Circle,A,0.7874,0.7874,Plated,
389,TO_LLB_PAD21_1,Circle Drill,0.7874,,,0.0000,0.0000,Circle,A,0.7874,0.7874,Plated,
390,TO_LLB_PAD22_1,Circle Drill,0.7874,,,0.0000,0.0000,Circle,A,0.7874,0.7874,Plated,
391,TO_LLB_PAD23_1,Circle Drill,0.7874,,,0.0000,0.0000,Circle,A,0.7874,0.7874,Plated,
392,TO_LLB_PAD24_1,Circle Drill,0.7874,,,0.0000,0.0000,Circle,A,0.7874,0.7874,Plated,
393,TO_LLB_PAD25_1,Circle Drill,0.7874,,,0.0000,0.0000,Circle,A,0.7874,0.7874,Plated,
394,TO_LLB_PAD26,Circle Drill,0.7874,,,0.0000,0.0000,Circle,A,0.7874,0.7874,Plated,
395,TO_LLB_PAD27_1,Circle Drill,0.7874,,,0.0000,0.0000,Circle,A,0.7874,0.7874,Plated,
396,TO_LLB_PAD28_1,Circle Drill,0.7874,,,0.0000,0.0000,Circle,A,0.7874,0.7874,Plated,
397,TO_LLB_PAD29_1,Circle Drill,0.7874,,,0.0000,0.0000,Circle,A,0.7874,0.7874,Plated,
398,TO_LLB_PAD2_1,Circle Drill,1.3716,,,0.0000,0.0000,Circle,A,1.3716,1.3716,Plated,
399,TO_LLB_PAD30_1,Circle Drill,0.7874,,,0.0000,0.0000,Circle,A,0.7874,0.7874,Plated,
400,TO_LLB_PAD31_1,Circle Drill,0.7874,,,0.0000,0.0000,Circle,A,0.7874,0.7874,Plated,
401,TO_LLB_PAD32_1,Circle Drill,0.7874,,,0.0000,0.0000,Circle,A,0.7874,0.7874,Plated,
402,TO_LLB_PAD33_1,Circle Drill,0.7874,,,0.0000,0.0000,Circle,A,0.7874,0.7874,Plated,
403,TO_LLB_PAD34_1,Circle Drill,0.7874,,,0.0000,0.0000,Circle,A,0.7874,0.7874,Plated,
404,TO_LLB_PAD35_1,Circle Drill,0.7874,,,0.0000,0.0000,Circle,A,0.7874,0.7874,Plated,
405,TO_LLB_PAD36_1,Circle Drill,0.7874,,,0.0000,0.0000,Circle,A,0.7874,0.7874,Plated,
406,TO_LLB_PAD37_1,Circle Drill,0.7874,,,0.0000,0.0000,Circle,A,0.7874,0.7874,Plated,
407,TO_LLB_PAD38_1,Circle Drill,0.7874,,,0.0000,0.0000,Circle,A,0.7874,0.7874,Plated,
408,TO_LLB_PAD39_1,Circle Drill,0.7874,,,0.0000,0.0000,Circle,A,0.7874,0.7874,Plated,
409,TO_LLB_PAD3_1,Circle Drill,0.7874,,,0.0000,0.0000,Circle,A,0.7874,0.7874,Plated,
410,TO_LLB_PAD4,Circle Drill,0.7874,,,0.0000,0.0000,Circle,A,0.7874,0.7874,Plated,
411,TO_LLB_PAD40_1,Circle Drill,0.7874,,,0.0000,0.0000,Circle,A,0.7874,0.7874,Plated,
412,TO_LLB_PAD41_1,Circle Drill,0.7874,,,0.0000,0.0000,Circle,A,0.7874,0.7874,Plated,
413,TO_LLB_PAD42_1,Circle Drill,0.7874,,,0.0000,0.0000,Circle,A,0.7874,0.7874,Plated,
414,TO_LLB_PAD43_1,Circle Drill,0.7874,,,0.0000,0.0000,Circle,A,0.7874,0.7874,Plated,
415,TO_LLB_PAD44,Circle Drill,0.7874,,,0.0000,0.0000,Circle,A,0.7874,0.7874,Plated,
416,TO_LLB_PAD45_1,Circle Drill,0.7874,,,0.0000,0.0000,Circle,A,0.7874,0.7874,Plated,
417,TO_LLB_PAD46_1,Circle Drill,0.7874,,,0.0000,0.0000,Circle,A,0.7874,0.7874,Plated,
418,TO_LLB_PAD47_1,Circle Drill,0.7874,,,0.0000,0.0000,Circle,A,0.7874,0.7874,Plated,
419,TO_LLB_PAD48,Circle Drill,1.3716,,,0.0000,0.0000,Circle,A,1.3716,1.3716,Plated,
420,TO_LLB_PAD49,Circle Drill,1.3716,,,0.0000,0.0000,Circle,A,1.3716,1.3716,Plated,
421,TO_LLB_PAD4_1,Circle Drill,0.7874,,,0.0000,0.0000,Circle,A,0.7874,0.7874,Plated,
422,TO_LLB_PAD5,Circle Drill,0.7874,,,0.0000,0.0000,Circle,A,0.7874,0.7874,Plated,
423,TO_LLB_PAD50_1,Circle Drill,1.2700,,,0.0000,0.0000,Circle,A,1.2700,1.2700,Plated,
424,TO_LLB_PAD51_1,Circle Drill,1.2700,,,0.0000,0.0000,Circle,A,1.2700,1.2700,Plated,
425,TO_LLB_PAD52_1,Circle Drill,1.7018,,,0.0000,0.0000,Circle,A,1.7018,1.7018,Plated,
426,TO_LLB_PAD53_1,Circle Drill,1.7018,,,0.0000,0.0000,Circle,A,1.7018,1.7018,Plated,
427,TO_LLB_PAD54,Circle Drill,1.1430,,,0.0000,0.0000,Circle,A,1.1430,1.1430,Plated,
428,TO_LLB_PAD55,Circle Drill,1.1430,,,0.0000,0.0000,Circle,A,1.1430,1.1430,Plated,
429,TO_LLB_PAD56_1,Circle Drill,1.8034,,,0.0000,0.0000,Circle,A,1.8034,1.8034,Plated,
430,TO_LLB_PAD57_1,Circle Drill,1.8034,,,0.0000,0.0000,Circle,A,1.8034,1.8034,Plated,
431,TO_LLB_PAD58,Circle Drill,2.0066,,,0.0000,0.0000,Circle,A,2.0066,2.0066,Plated,
432,TO_LLB_PAD59,Circle Drill,2.0066,,,0.0000,0.0000,Circle,A,2.0066,2.0066,Plated,
433,TO_LLB_PAD5_1,Circle Drill,0.7874,,,0.0000,0.0000,Circle,A,0.7874,0.7874,Plated,
434,TO_LLB_PAD6,Circle Drill,0.7874,,,0.0000,0.0000,Circle,A,0.7874,0.7874,Plated,
435,TO_LLB_PAD60,Circle Drill,1.7018,,,0.0000,0.0000,Circle,A,1.7018,1.7018,Plated,
436,TO_LLB_PAD61,Circle Drill,1.7018,,,0.0000,0.0000,Circle,A,1.7018,1.7018,Plated,
437,TO_LLB_PAD62_1,Circle Drill,1.7018,,,0.0000,0.0000,Circle,A,1.7018,1.7018,Plated,
438,TO_LLB_PAD63_1,Circle Drill,1.7018,,,0.0000,0.0000,Circle,A,1.7018,1.7018,Plated,
439,TO_LLB_PAD64,Circle Drill,1.2700,,,0.0000,0.0000,Circle,A,1.2700,1.2700,Plated,
440,TO_LLB_PAD65,Circle Drill,1.2700,,,0.0000,0.0000,Circle,A,1.2700,1.2700,Plated,
441,TO_LLB_PAD66_1,Circle Drill,1.3716,,,0.0000,0.0000,Circle,A,1.3716,1.3716,Plated,
442,TO_LLB_PAD67_1,Circle Drill,1.3716,,,0.0000,0.0000,Circle,A,1.3716,1.3716,Plated,
443,TO_LLB_PAD68,Circle Drill,1.8034,,,0.0000,0.0000,Circle,A,1.8034,1.8034,Plated,
444,TO_LLB_PAD69,Circle Drill,1.8034,,,0.0000,0.0000,Circle,A,1.8034,1.8034,Plated,
445,TO_LLB_PAD7,Circle Drill,0.7874,,,0.0000,0.0000,Circle,A,0.7874,0.7874,Plated,
446,TO_LLB_PAD70,Circle Drill,0.9398,,,0.0000,0.0000,Circle,A,0.9398,0.9398,Plated,
447,TO_LLB_PAD71,Circle Drill,0.9398,,,0.0000,0.0000,Circle,A,0.9398,0.9398,Plated,
448,TO_LLB_PAD72_1,Circle Drill,0.9398,,,0.0000,0.0000,Circle,A,0.9398,0.9398,Plated,
449,TO_LLB_PAD73_1,Circle Drill,0.9398,,,0.0000,0.0000,Circle,A,0.9398,0.9398,Plated,
450,TO_LLB_PAD74_1,Circle Drill,0.9398,,,0.0000,0.0000,Circle,A,0.9398,0.9398,Plated,
451,TO_LLB_PAD75,Circle Drill,0.7874,,,0.0000,0.0000,Circle,A,0.7874,0.7874,Plated,
452,TO_LLB_PAD76,Circle Drill,0.7874,,,0.0000,0.0000,Circle,A,0.7874,0.7874,Plated,
453,TO_LLB_PAD77,Circle Drill,1.9050,,,0.0000,0.0000,Circle,A,1.9050,1.9050,Plated,
454,TO_LLB_PAD78,Circle Drill,1.9050,,,0.0000,0.0000,Circle,A,1.9050,1.9050,Plated,
455,TO_LLB_PAD7_1,Circle Drill,0.7874,,,0.0000,0.0000,Circle,A,0.7874,0.7874,Plated,
456,TO_LLB_PAD8_1,Circle Drill,0.7874,,,0.0000,0.0000,Circle,A,0.7874,0.7874,Plated,
457,TO_LLB_PAD93_1,Circle Drill,1.3716,,,0.0000,0.0000,Circle,A,1.3716,1.3716,Plated,
458,TO_LLB_PAD94_1,Circle Drill,1.3716,,,0.0000,0.0000,Circle,A,1.3716,1.3716,Plated,
459,TO_LLB_PAD95_1,Circle Drill,1.3716,,,0.0000,0.0000,Circle,A,1.3716,1.3716,Plated,
460,TO_LLB_PAD96_1,Circle Drill,1.3716,,,0.0000,0.0000,Circle,A,1.3716,1.3716,Plated,
461,TO_LLB_PAD97_1,Circle Drill,1.3716,,,0.0000,0.0000,Circle,A,1.3716,1.3716,Plated,
462,TO_LLB_PAD98_1,Circle Drill,1.3716,,,0.0000,0.0000,Circle,A,1.3716,1.3716,Plated,
463,TO_LLB_PAD99_1,Circle Drill,1.3716,,,0.0000,0.0000,Circle,A,1.3716,1.3716,Plated,
464,TO_LLB_PAD9_1,Circle Drill,1.1430,,,0.0000,0.0000,Circle,A,1.1430,1.1430,Plated,
465,T_L60_100SL_200_M200_100,Oval Slot,1.4000,0.6000,,0.0000,0.0000,Oblong X,,1.4000,0.6000,Plated,
466,T_L60_105SL_210_M210_105,Oval Slot,1.7000,0.6000,,0.0000,0.0000,Oblong X,,1.7000,0.6000,Plated,
467,T_N63_103_M103,Circle Drill,0.6300,,,0.0000,0.0000,Cross,,1.0000,1.0000,Plated,
468,VIA,Circle Drill,0.3302,,,0.0000,0.0000,Circle,+,1.2700,1.2700,Plated,
469,VIA_FC,Circle Drill,0.1000,,,0.0000,0.0000,Circle,+,0.2200,0.2200,Plated,
470,VIA_FCD,Circle Drill,0.1000,,,0.0000,0.0000,Circle,+,0.2200,0.2200,Plated,
471,VIA_FCU,Circle Drill,0.1000,,,0.0000,0.0000,Circle,+,0.2200,0.2200,Plated,
472,VIA_WBD,Circle Drill,0.1000,,,0.0000,0.0000,Circle,+,0.2200,0.2200,Plated,
473,VIA_WBU,Circle Drill,0.1000,,,0.0000,0.0000,Circle,+,0.2200,0.2200,Plated,
474,VRES_LLB_PAD11,Circle Drill,0.7874,,,0.0000,0.0000,Circle,A,0.7874,0.7874,Plated,
475,VRES_LLB_PAD11_1,Circle Drill,0.7874,,,0.0000,0.0000,Circle,A,0.7874,0.7874,Plated,
476,VRES_LLB_PAD12,Circle Drill,0.7874,,,0.0000,0.0000,Circle,A,0.7874,0.7874,Plated,
477,VRES_LLB_PAD12_1,Circle Drill,0.7874,,,0.0000,0.0000,Circle,A,0.7874,0.7874,Plated,
478,VRES_LLB_PAD13_1,Circle Drill,0.7874,,,0.0000,0.0000,Circle,A,0.7874,0.7874,Plated,
479,VRES_LLB_PAD14_1,Circle Drill,0.9398,,,0.0000,0.0000,Circle,A,0.9398,0.9398,Plated,
480,VRES_LLB_PAD15_1,Circle Drill,0.9398,,,0.0000,0.0000,Circle,A,0.9398,0.9398,Plated,
481,VRES_LLB_PAD16,Circle Drill,0.9398,,,0.0000,0.0000,Circle,A,0.9398,0.9398,Plated,
482,VRES_LLB_PAD16_1,Circle Drill,0.9398,,,0.0000,0.0000,Circle,A,0.9398,0.9398,Plated,
483,VRES_LLB_PAD17_1,Circle Drill,0.7112,,,0.0000,0.0000,Circle,A,0.7112,0.7112,Plated,
484,VRES_LLB_PAD18,Circle Drill,0.7112,,,0.0000,0.0000,Circle,A,0.7112,0.7112,Plated,
485,VRES_LLB_PAD19_1,Circle Drill,0.7112,,,0.0000,0.0000,Circle,A,0.7112,0.7112,Plated,
486,VRES_LLB_PAD20,Circle Drill,0.9398,,,0.0000,0.0000,Circle,A,0.9398,0.9398,Plated,
487,VRES_LLB_PAD20_1,Circle Drill,0.9398,,,0.0000,0.0000,Circle,A,0.9398,0.9398,Plated,
488,VRES_LLB_PAD21_1,Circle Drill,0.9398,,,0.0000,0.0000,Circle,A,0.9398,0.9398,Plated,
489,VRES_LLB_PAD22_1,Circle Drill,0.9398,,,0.0000,0.0000,Circle,A,0.9398,0.9398,Plated,
490,VRES_LLB_PAD23_1,Circle Drill,0.7874,,,0.0000,0.0000,Circle,A,0.7874,0.7874,Plated,
491,VRES_LLB_PAD24_1,Circle Drill,0.7112,,,0.0000,0.0000,Circle,A,0.7112,0.7112,Plated,
492,VRES_LLB_PAD25_1,Circle Drill,0.7112,,,0.0000,0.0000,Circle,A,0.7112,0.7112,Plated,
493,VRES_LLB_PAD26_1,Circle Drill,0.7112,,,0.0000,0.0000,Circle,A,0.7112,0.7112,Plated,
494,VRES_LLB_PAD27_1,Circle Drill,0.7112,,,0.0000,0.0000,Circle,A,0.7112,0.7112,Plated,
495,VRES_LLB_PAD28_1,Circle Drill,0.7112,,,0.0000,0.0000,Circle,A,0.7112,0.7112,Plated,
496,VRES_LLB_PAD29_1,Circle Drill,0.7874,,,0.0000,0.0000,Circle,A,0.7874,0.7874,Plated,
497,VRES_LLB_PAD30_1,Circle Drill,0.7874,,,0.0000,0.0000,Circle,A,0.7874,0.7874,Plated,
498,VRES_LLB_PAD31,Circle Drill,0.7874,,,0.0000,0.0000,Circle,A,0.7874,0.7874,Plated,
499,VRES_LLB_PAD32,Circle Drill,0.7874,,,0.0000,0.0000,Circle,A,0.7874,0.7874,Plated,
500,VRES_LLB_PAD33_1,Circle Drill,0.7874,,,0.0000,0.0000,Circle,A,0.7874,0.7874,Plated,
501,VRES_LLB_PAD36,Circle Drill,0.9906,,,0.0000,0.0000,Circle,A,0.9906,0.9906,Plated,
502,VRES_LLB_PAD37,Circle Drill,0.9906,,,0.0000,0.0000,Circle,A,0.9906,0.9906,Plated,
503,VRES_LLB_PAD38,Circle Drill,1.3716,,,0.0000,0.0000,Circle,A,1.3716,1.3716,Plated,
504,VRES_LLB_PAD39,Circle Drill,1.3716,,,0.0000,0.0000,Circle,A,1.3716,1.3716,Plated,
505,WCON100T_LLB_PAD1,Circle Drill,1.0668,,,0.0000,0.0000,Circle,A,1.0668,1.0668,Plated,
506,WCON100T_LLB_PAD2,Circle Drill,1.0668,,,0.0000,0.0000,Circle,A,1.0668,1.0668,Plated,
507,WCON100T_LLB_PAD3,Circle Drill,0.9398,,,0.0000,0.0000,Circle,A,0.9398,0.9398,Plated,
508,WCON100T_LLB_PAD4,Circle Drill,0.9398,,,0.0000,0.0000,Circle,A,0.9398,0.9398,Plated,
509,XT_LLB_PAD1,Circle Drill,1.0160,,,0.0000,0.0000,Circle,A,1.0160,1.0160,Plated,
510,XT_LLB_PAD2,Circle Drill,1.0160,,,0.0000,0.0000,Circle,A,1.0160,1.0160,Plated,
511,ZIGZAG_LLB_PAD1,Circle Drill,0.8636,,,0.0000,0.0000,Circle,A,0.8636,0.8636,Plated,
512,ZIGZAG_LLB_PAD1_1,Circle Drill,0.8636,,,0.0000,0.0000,Circle,A,0.8636,0.8636,Plated,
513,ZIGZAG_LLB_PAD2,Circle Drill,0.8636,,,0.0000,0.0000,Circle,A,0.8636,0.8636,Plated,
514,ZIGZAG_LLB_PAD2_1,Circle Drill,0.8636,,,0.0000,0.0000,Circle,A,0.8636,0.8636,Plated,
515,ZIGZAG_LLB_PAD3_1,Circle Drill,0.8636,,,0.0000,0.0000,Circle,A,0.8636,0.8636,Plated,
516,ZIGZAG_LLB_PAD4,Circle Drill,0.8636,,,0.0000,0.0000,Circle,A,0.8636,0.8636,Plated,
517,ZIGZAG_LLB_PAD5,Circle Drill,0.8636,,,0.0000,0.0000,Circle,A,0.8636,0.8636,Plated,
518,via26,Circle Drill,0.3048,,,0.0000,0.0000,,,1.0160,1.0160,Plated,
